Build started 9/14/2015 8:57:02 PM.
     1>Project "C:\Users\NguyenVietNamSon\Desktop\KTLT (3-2015) - Buoi 22 - 23 - 24 - 25\Stack (Ngan Xep)\Ngan Xep Cac Quyen Sach\Ngan Xep Cac Quyen Sach.vcxproj" on node 2 (Build target(s)).
     1>ClCompile:
         C:\Program Files (x86)\Microsoft Visual Studio 11.0\VC\bin\CL.exe /c /ZI /nologo /W3 /WX- /Od /Oy- /D _MBCS /Gm /EHsc /RTC1 /MDd /GS /fp:precise /Zc:wchar_t /Zc:forScope /Fo"Debug\\" /Fd"Debug\vc110.pdb" /Gd /TP /analyze- /errorReport:prompt Source.cpp
         Source.cpp
     1>c:\users\nguyenvietnamson\desktop\ktlt (3-2015) - buoi 22 - 23 - 24 - 25\stack (ngan xep)\ngan xep cac quyen sach\source.cpp(57): warning C4996: 'getch': The POSIX name for this item is deprecated. Instead, use the ISO C++ conformant name: _getch. See online help for details.
                 c:\program files (x86)\microsoft visual studio 11.0\vc\include\conio.h(131) : see declaration of 'getch'
     1>c:\users\nguyenvietnamson\desktop\ktlt (3-2015) - buoi 22 - 23 - 24 - 25\stack (ngan xep)\ngan xep cac quyen sach\source.cpp(70): warning C4996: 'gets': This function or variable may be unsafe. Consider using gets_s instead. To disable deprecation, use _CRT_SECURE_NO_WARNINGS. See online help for details.
                 c:\program files (x86)\microsoft visual studio 11.0\vc\include\stdio.h(261) : see declaration of 'gets'
     1>c:\users\nguyenvietnamson\desktop\ktlt (3-2015) - buoi 22 - 23 - 24 - 25\stack (ngan xep)\ngan xep cac quyen sach\source.cpp(74): warning C4996: 'gets': This function or variable may be unsafe. Consider using gets_s instead. To disable deprecation, use _CRT_SECURE_NO_WARNINGS. See online help for details.
                 c:\program files (x86)\microsoft visual studio 11.0\vc\include\stdio.h(261) : see declaration of 'gets'
     1>c:\users\nguyenvietnamson\desktop\ktlt (3-2015) - buoi 22 - 23 - 24 - 25\stack (ngan xep)\ngan xep cac quyen sach\source.cpp(77): warning C4996: 'scanf': This function or variable may be unsafe. Consider using scanf_s instead. To disable deprecation, use _CRT_SECURE_NO_WARNINGS. See online help for details.
                 c:\program files (x86)\microsoft visual studio 11.0\vc\include\stdio.h(290) : see declaration of 'scanf'
     1>c:\users\nguyenvietnamson\desktop\ktlt (3-2015) - buoi 22 - 23 - 24 - 25\stack (ngan xep)\ngan xep cac quyen sach\source.cpp(148): warning C4996: 'scanf': This function or variable may be unsafe. Consider using scanf_s instead. To disable deprecation, use _CRT_SECURE_NO_WARNINGS. See online help for details.
                 c:\program files (x86)\microsoft visual studio 11.0\vc\include\stdio.h(290) : see declaration of 'scanf'
     1>c:\users\nguyenvietnamson\desktop\ktlt (3-2015) - buoi 22 - 23 - 24 - 25\stack (ngan xep)\ngan xep cac quyen sach\source.cpp(185): warning C4996: 'getch': The POSIX name for this item is deprecated. Instead, use the ISO C++ conformant name: _getch. See online help for details.
                 c:\program files (x86)\microsoft visual studio 11.0\vc\include\conio.h(131) : see declaration of 'getch'
       Link:
         C:\Program Files (x86)\Microsoft Visual Studio 11.0\VC\bin\link.exe /ERRORREPORT:PROMPT /OUT:"C:\Users\NguyenVietNamSon\Desktop\KTLT (3-2015) - Buoi 22 - 23 - 24 - 25\Stack (Ngan Xep)\Debug\Ngan Xep Cac Quyen Sach.exe" /INCREMENTAL /NOLOGO kernel32.lib user32.lib gdi32.lib winspool.lib comdlg32.lib advapi32.lib shell32.lib ole32.lib oleaut32.lib uuid.lib odbc32.lib odbccp32.lib /MANIFEST /MANIFESTUAC:"level='asInvoker' uiAccess='false'" /manifest:embed /DEBUG /PDB:"C:\Users\NguyenVietNamSon\Desktop\KTLT (3-2015) - Buoi 22 - 23 - 24 - 25\Stack (Ngan Xep)\Debug\Ngan Xep Cac Quyen Sach.pdb" /TLBID:1 /DYNAMICBASE /NXCOMPAT /IMPLIB:"C:\Users\NguyenVietNamSon\Desktop\KTLT (3-2015) - Buoi 22 - 23 - 24 - 25\Stack (Ngan Xep)\Debug\Ngan Xep Cac Quyen Sach.lib" /MACHINE:X86 Debug\Source.obj
         Ngan Xep Cac Quyen Sach.vcxproj -> C:\Users\NguyenVietNamSon\Desktop\KTLT (3-2015) - Buoi 22 - 23 - 24 - 25\Stack (Ngan Xep)\Debug\Ngan Xep Cac Quyen Sach.exe
     1>Done Building Project "C:\Users\NguyenVietNamSon\Desktop\KTLT (3-2015) - Buoi 22 - 23 - 24 - 25\Stack (Ngan Xep)\Ngan Xep Cac Quyen Sach\Ngan Xep Cac Quyen Sach.vcxproj" (Build target(s)).

Build succeeded.

Time Elapsed 00:00:00.80
